<?xml version="1.0" encoding="UTF-8"?>
<!-- Generated by org.testng.reporters.JUnitReportReporter -->
<testsuite skipped="0" hostname="Manohar" name="com.CRM.TestCases.ContactsPageTest" tests="3" failures="0" timestamp="2021-06-01T17:20:51 IST" time="69.045" errors="0">
  <testcase name="validateCreatenewContact" time="22.022" classname="com.CRM.TestCases.ContactsPageTest"/>
  <system-out/>
  <testcase name="validateCreatenewContact" time="21.990" classname="com.CRM.TestCases.ContactsPageTest"/>
  <system-out/>
  <testcase name="validateCreatenewContact" time="25.033" classname="com.CRM.TestCases.ContactsPageTest"/>
  <system-out/>
</testsuite> <!-- com.CRM.TestCases.ContactsPageTest -->
