<?xml version="1.0" encoding="UTF-8"?>
<!-- Generated by org.testng.reporters.JUnitReportReporter -->
<testsuite skipped="0" hostname="Manohar" name="com.CRM.TestCases.HomePageTest" tests="3" failures="0" timestamp="2021-06-01T17:20:51 IST" time="70.313" errors="0">
  <testcase name="verifyHomePageTitleTest" time="18.225" classname="com.CRM.TestCases.HomePageTest"/>
  <system-out/>
  <testcase name="verifyUserNameTest" time="33.475" classname="com.CRM.TestCases.HomePageTest"/>
  <system-out/>
  <testcase name="verifyContactsLinkTest" time="18.613" classname="com.CRM.TestCases.HomePageTest"/>
  <system-out/>
</testsuite> <!-- com.CRM.TestCases.HomePageTest -->
